<?xml version="1.0" encoding="UTF-8"?>
<!-- Generated by org.testng.reporters.JUnitReportReporter -->
<testsuite skipped="0" hostname="Chandas-Air.attlocal.net" name="com.dollardays.testcases.SearchTestcase" tests="1" failures="0" timestamp="2020-11-03T13:59:11 CST" time="14.852" errors="0">
  <testcase name="TC_01_SearchWithValidProductname" time="14.852" classname="com.dollardays.testcases.SearchTestcase"/>
  <system-out/>
</testsuite> <!-- com.dollardays.testcases.SearchTestcase -->
