<?xml version="1.0" encoding="UTF-8"?>
<!-- Generated by org.testng.reporters.JUnitReportReporter -->
<testsuite skipped="0" hostname="Chandas-Air.attlocal.net" name="com.dollardays.testcases.LoginTestcase" tests="1" failures="0" timestamp="2020-12-03T18:34:59 CST" time="9.806" errors="0">
  <testcase name="invokeLogin" time="9.806" classname="com.dollardays.testcases.LoginTestcase"/>
  <system-out/>
</testsuite> <!-- com.dollardays.testcases.LoginTestcase -->
