<?xml version="1.0" encoding="UTF-8"?>
<!-- Generated by org.testng.reporters.JUnitReportReporter -->
<testsuite skipped="0" hostname="Chandas-Air.attlocal.net" name="com.dollardays.testcases.AccOverviewTaxExemTestcase" tests="1" failures="0" timestamp="2020-12-21T19:42:12 CST" time="42.516" errors="0">
  <testcase name="AccountOverviewPageEditLinkVerify" time="42.516" classname="com.dollardays.testcases.AccOverviewTaxExemTestcase"/>
  <system-out/>
</testsuite> <!-- com.dollardays.testcases.AccOverviewTaxExemTestcase -->
