<?xml version="1.0" encoding="UTF-8"?>
<!-- Generated by org.testng.reporters.JUnitReportReporter -->
<testsuite skipped="0" hostname="Chandas-Air.attlocal.net" name="com.dollardays.testcases.MyProfileTestcase" tests="5" failures="0" timestamp="2020-12-21T19:42:12 CST" time="125.810" errors="0">
  <testcase name="MyProfileLoginInfoEmailAddressValidation" time="22.517" classname="com.dollardays.testcases.MyProfileTestcase"/>
  <system-out/>
  <testcase name="MyProfile_Login_Information_Validation" time="26.976" classname="com.dollardays.testcases.MyProfileTestcase"/>
  <system-out/>
  <testcase name="Personal_Information_Validation" time="26.426" classname="com.dollardays.testcases.MyProfileTestcase"/>
  <system-out/>
  <testcase name="Email_Preferences_userEmail_Validation" time="25.728" classname="com.dollardays.testcases.MyProfileTestcase"/>
  <system-out/>
  <testcase name="emailPreferences_Checkbox_Validation" time="24.163" classname="com.dollardays.testcases.MyProfileTestcase"/>
  <system-out/>
</testsuite> <!-- com.dollardays.testcases.MyProfileTestcase -->
